============================= test session starts =============================
platform win32 -- Python 3.10.6, pytest-8.3.4, pluggy-1.5.0
rootdir: S:\Ocado INT\incub\Incubyte-tdd
configfile: pytest.ini
testpaths: tests
collected 16 items

tests\test_basic_delimiters.py ....                                      [ 25%]
tests\test_custom_delimiters.py ....                                     [ 50%]
tests\test_empty_string.py .                                             [ 56%]
tests\test_negative_value_exception.py ..                                [ 68%]
tests\test_restrict_1000.py ..                                           [ 81%]
tests\test_single_number.py .                                            [ 87%]
tests\test_two_or_more_numbers.py ..                                     [100%]

============================= 16 passed in 0.08s ==============================
