============================= test session starts =============================
platform win32 -- Python 3.10.6, pytest-8.3.4, pluggy-1.5.0
rootdir: S:\Ocado INT\incub\Incubyte-tdd
configfile: pytest.ini
testpaths: tests
collected 14 items

tests\test_basic_delimiters.py ....                                      [ 28%]
tests\test_custom_delimiters.py ....                                     [ 57%]
tests\test_empty_string.py .                                             [ 64%]
tests\test_restrict_1000.py ..                                           [ 78%]
tests\test_single_number.py .                                            [ 85%]
tests\test_two_or_more_numbers.py ..                                     [100%]

============================= 14 passed in 0.06s ==============================
