============================= test session starts =============================
platform win32 -- Python 3.10.6, pytest-8.3.4, pluggy-1.5.0
rootdir: S:\Ocado INT\incub\Incubyte-tdd
configfile: pytest.ini
testpaths: tests
collected 12 items

tests\test_basic_delimiters.py ....                                      [ 33%]
tests\test_custom_delimiters.py ....                                     [ 66%]
tests\test_empty_string.py .                                             [ 75%]
tests\test_single_number.py .                                            [ 83%]
tests\test_two_or_more_numbers.py ..                                     [100%]

============================= 12 passed in 0.08s ==============================
